echoprintLib/build/outputs/logs/manifest-merger-debug-report.txt
-- Merging decision tree log ---
manifest
ADDED from src\main\AndroidManifest.xml:2:1-11:12
INJECTED from src\main\AndroidManifest.xml:2:1-11:12
INJECTED from src\main\AndroidManifest.xml:2:1-11:12
INJECTED from src\main\AndroidManifest.xml:2:1-11:12
INJECTED from src\main\AndroidManifest.xml:2:1-11:12
INJECTED from src\main\AndroidManifest.xml:2:1-11:12
INJECTED from src\main\AndroidManifest.xml:2:1-11:12
	package
		ADDED from src\main\AndroidManifest.xml:3:7-40
		INJECTED from src\main\AndroidManifest.xml
		INJECTED from src\main\AndroidManifest.xml
	android:versionName
		ADDED from src\main\AndroidManifest.xml:5:7-32
		INJECTED from src\main\AndroidManifest.xml
		INJECTED from src\main\AndroidManifest.xml
	xmlns:android
		ADDED from src\main\AndroidManifest.xml:2:11-69
	android:versionCode
		ADDED from src\main\AndroidManifest.xml:4:7-30
		INJECTED from src\main\AndroidManifest.xml
		INJECTED from src\main\AndroidManifest.xml
application
ADDED from src\main\AndroidManifest.xml:7:5-9:19
	android:label
		ADDED from src\main\AndroidManifest.xml:7:48-80
	android:icon
		ADDED from src\main\AndroidManifest.xml:7:18-47
uses-sdk
INJECTED from src\main\AndroidManifest.xml reason: use-sdk injection requested
INJECTED from src\main\AndroidManifest.xml
INJECTED from src\main\AndroidManifest.xml
INJECTED from src\main\AndroidManifest.xml
INJECTED from src\main\AndroidManifest.xml
	android:targetSdkVersion
		INJECTED from src\main\AndroidManifest.xml
		ADDED from src\main\AndroidManifest.xml
		INJECTED from src\main\AndroidManifest.xml
	android:minSdkVersion
		INJECTED from src\main\AndroidManifest.xml
		ADDED from src\main\AndroidManifest.xml
		INJECTED from src\main\AndroidManifest.xml